Using pre-set license
Built from '2020.3/staging' branch; Version is '2020.3.19f1 (68f137dc9bbe) revision 6877495'; Using compiler version '192528614'; Build Type 'Release'
OS: 'Windows 10 Home Single Language; OS build 22000.376; Version 2009; 64bit' Language: 'en' Physical Memory: 16238 MB
BatchMode: 1, IsHumanControllingUs: 0, StartBugReporterOnCrash: 0, Is64bit: 1, IsPro: 0

COMMAND LINE ARGUMENTS:
C:\Program Files\Unity\Hub\Editor\2020.3.19f1\Editor\Unity.exe
-adb2
-batchMode
-noUpm
-name
AssetImportWorker1
-projectPath
D:/Agate/Coffee Roller Game/Coffee-Roller
-logFile
Logs/AssetImportWorker1.log
-srvPort
58573
Successfully changed project path to: D:/Agate/Coffee Roller Game/Coffee-Roller
D:/Agate/Coffee Roller Game/Coffee-Roller
Using Asset Import Pipeline V2.
Refreshing native plugins compatible for Editor in 58.39 ms, found 2 plugins.
Preloading 0 native plugins for Editor in 0.00 ms.
Initialize engine version: 2020.3.19f1 (68f137dc9bbe)
[Subsystems] Discovering subsystems at path C:/Program Files/Unity/Hub/Editor/2020.3.19f1/Editor/Data/Resources/UnitySubsystems
[Subsystems] Discovering subsystems at path D:/Agate/Coffee Roller Game/Coffee-Roller/Assets
GfxDevice: creating device client; threaded=0
Direct3D:
    Version:  Direct3D 11.0 [level 11.1]
    Renderer: NVIDIA GeForce GTX 1050 (ID=0x1c8d)
    Vendor:   
    VRAM:     4021 MB
    Driver:   25.21.14.2546
Initialize mono
Mono path[0] = 'C:/Program Files/Unity/Hub/Editor/2020.3.19f1/Editor/Data/Managed'
Mono path[1] = 'C:/Program Files/Unity/Hub/Editor/2020.3.19f1/Editor/Data/MonoBleedingEdge/lib/mono/unityjit'
Mono config path = 'C:/Program Files/Unity/Hub/Editor/2020.3.19f1/Editor/Data/MonoBleedingEdge/etc'
Using monoOptions --debugger-agent=transport=dt_socket,embedding=1,server=y,suspend=n,address=127.0.0.1:56496
Begin MonoManager ReloadAssembly
Registering precompiled unity dll's ...
Register platform support module: C:/Program Files/Unity/Hub/Editor/2020.3.19f1/Editor/Data/PlaybackEngines/WindowsStandaloneSupport/UnityEditor.WindowsStandalone.Extensions.dll
Registered in 0.002558 seconds.
Native extension for WindowsStandalone target not found
Refreshing native plugins compatible for Editor in 57.10 ms, found 2 plugins.
Preloading 0 native plugins for Editor in 0.00 ms.
Mono: successfully reloaded assembly
- Completed reload, in  1.932 seconds
Domain Reload Profiling:
	ReloadAssembly (1932ms)
		BeginReloadAssembly (82ms)
			ExecutionOrderSort (0ms)
			DisableScriptedObjects (0ms)
			BackupInstance (0ms)
			ReleaseScriptingObjects (0ms)
			CreateAndSetChildDomain (2ms)
		EndReloadAssembly (779ms)
			LoadAssemblies (79ms)
			RebuildTransferFunctionScriptingTraits (0ms)
			SetupTypeCache (287ms)
			ReleaseScriptCaches (0ms)
			RebuildScriptCaches (69ms)
			SetupLoadedEditorAssemblies (296ms)
				LogAssemblyErrors (0ms)
				InitializePlatformSupportModulesInManaged (7ms)
				SetLoadedEditorAssemblies (0ms)
				RefreshPlugins (57ms)
				BeforeProcessingInitializeOnLoad (34ms)
				ProcessInitializeOnLoadAttributes (145ms)
				ProcessInitializeOnLoadMethodAttributes (52ms)
				AfterProcessingInitializeOnLoad (0ms)
				EditorAssembliesLoaded (0ms)
			ExecutionOrderSort2 (0ms)
			AwakeInstancesAfterBackupRestoration (0ms)
Platform modules already initialized, skipping
Registering precompiled user dll's ...
Registered in 0.008915 seconds.
Begin MonoManager ReloadAssembly
Native extension for WindowsStandalone target not found
Refreshing native plugins compatible for Editor in 0.51 ms, found 2 plugins.
Preloading 0 native plugins for Editor in 0.00 ms.
Mono: successfully reloaded assembly
- Completed reload, in  6.093 seconds
Domain Reload Profiling:
	ReloadAssembly (6095ms)
		BeginReloadAssembly (211ms)
			ExecutionOrderSort (0ms)
			DisableScriptedObjects (5ms)
			BackupInstance (0ms)
			ReleaseScriptingObjects (0ms)
			CreateAndSetChildDomain (28ms)
		EndReloadAssembly (5786ms)
			LoadAssemblies (2884ms)
			RebuildTransferFunctionScriptingTraits (0ms)
			SetupTypeCache (1856ms)
			ReleaseScriptCaches (1ms)
			RebuildScriptCaches (81ms)
			SetupLoadedEditorAssemblies (761ms)
				LogAssemblyErrors (0ms)
				InitializePlatformSupportModulesInManaged (9ms)
				SetLoadedEditorAssemblies (1ms)
				RefreshPlugins (1ms)
				BeforeProcessingInitializeOnLoad (145ms)
				ProcessInitializeOnLoadAttributes (588ms)
				ProcessInitializeOnLoadMethodAttributes (8ms)
				AfterProcessingInitializeOnLoad (9ms)
				EditorAssembliesLoaded (0ms)
			ExecutionOrderSort2 (0ms)
			AwakeInstancesAfterBackupRestoration (13ms)
Platform modules already initialized, skipping
========================================================================
Worker process is ready to serve import requests
Launched and connected shader compiler UnityShaderCompiler.exe after 0.14 seconds
Refreshing native plugins compatible for Editor in 0.51 ms, found 2 plugins.
Preloading 0 native plugins for Editor in 0.00 ms.
Unloading 1423 Unused Serialized files (Serialized files now loaded: 0)
System memory in use before: 67.4 MB.
System memory in use after: 67.4 MB.

Unloading 16 unused Assets to reduce memory usage. Loaded Objects now: 1859.
Total: 4.821200 ms (FindLiveObjects: 0.224400 ms CreateObjectMapping: 0.072100 ms MarkObjects: 4.391600 ms  DeleteObjects: 0.131300 ms)

AssetImportParameters requested are different than current active one (requested -> active):
  custom:framework-win-MediaFoundation: 216162199b28c13a410421893ffa2e32 -> 
  custom:video-decoder-ogg-theora: a1e56fd34408186e4bbccfd4996cb3dc -> 
  custom:container-muxer-webm: aa71ff27fc2769a1b78a27578f13a17b -> 
  custom:container-demuxer-webm: 4f35f7cbe854078d1ac9338744f61a02 -> 
  custom:container-demuxer-ogg: 62fdf1f143b41e24485cea50d1cbac27 -> 
  custom:video-encoder-webm-vp8: eb34c28f22e8b96e1ab97ce403110664 -> 
  custom:video-decoder-webm-vp8: 9c59270c3fd7afecdb556c50c9e8de78 -> 
  custom:audio-decoder-ogg-vorbis: bf7c407c2cedff20999df2af8eb42d56 -> 
  custom:audio-encoder-webm-vorbis: bf7c407c2cedff20999df2af8eb42d56 -> 
========================================================================
Received Import Request.
  path: Assets/Prefabs/Track/BR_01 Variant.prefab
  artifactKey: Guid(d8fcd0ace7917004cb83f1ee5fad6bad) Importer(815301076,1909f56bfc062723c751e8b465ee728b)
Start importing Assets/Prefabs/Track/BR_01 Variant.prefab using Guid(d8fcd0ace7917004cb83f1ee5fad6bad) Importer(815301076,1909f56bfc062723c751e8b465ee728b)  -> (artifact id: '42ea23bd36f1cc09a6ab33a9b38bd2d6') in 0.618586 seconds 
  Import took 0.624087 seconds .

========================================================================
Received Import Request.
  Time since last request: 0.000500 seconds.
  path: Assets/Prefabs/Track/BR_03 Variant.prefab
  artifactKey: Guid(257dfee653e9f0c4b9d6578fbdd13f8e) Importer(815301076,1909f56bfc062723c751e8b465ee728b)
Start importing Assets/Prefabs/Track/BR_03 Variant.prefab using Guid(257dfee653e9f0c4b9d6578fbdd13f8e) Importer(815301076,1909f56bfc062723c751e8b465ee728b)  -> (artifact id: 'a49a77a8103e37b3b56540643c2c704c') in 0.569114 seconds 
  Import took 0.575811 seconds .

========================================================================
Received Import Request.
  Time since last request: 0.000359 seconds.
  path: Assets/Prefabs/Track/BR_11 Variant.prefab
  artifactKey: Guid(d74ae33cca8acbd43b867023c29d70e0) Importer(815301076,1909f56bfc062723c751e8b465ee728b)
Start importing Assets/Prefabs/Track/BR_11 Variant.prefab using Guid(d74ae33cca8acbd43b867023c29d70e0) Importer(815301076,1909f56bfc062723c751e8b465ee728b)  -> (artifact id: '63879e42af3bbef2d33089b4aaea7c13') in 0.780170 seconds 
  Import took 0.790458 seconds .

========================================================================
Received Import Request.
  Time since last request: 0.000522 seconds.
  path: Assets/Prefabs/Koin.prefab
  artifactKey: Guid(139e283cd438b8a4b8723fe2660fc15a) Importer(815301076,1909f56bfc062723c751e8b465ee728b)
Start importing Assets/Prefabs/Koin.prefab using Guid(139e283cd438b8a4b8723fe2660fc15a) Importer(815301076,1909f56bfc062723c751e8b465ee728b)  -> (artifact id: '4c3fdb5a3894774b48e7de20eb858946') in 0.092186 seconds 
  Import took 0.100868 seconds .

========================================================================
Received Import Request.
  Time since last request: 0.000558 seconds.
  path: Assets/Prefabs/Track/BR_05 Variant.prefab
  artifactKey: Guid(96a6730e48a2c40478677044dac1b01b) Importer(815301076,1909f56bfc062723c751e8b465ee728b)
Start importing Assets/Prefabs/Track/BR_05 Variant.prefab using Guid(96a6730e48a2c40478677044dac1b01b) Importer(815301076,1909f56bfc062723c751e8b465ee728b)  -> (artifact id: '6b8d2e495c21ade5c78aa446cec81825') in 0.205959 seconds 
  Import took 0.212760 seconds .

========================================================================
Received Import Request.
  Time since last request: 0.000336 seconds.
  path: Assets/Prefabs/Track/BR_14 Variant.prefab
  artifactKey: Guid(f95a9fcd543dbd44b829ae6b112e43a4) Importer(815301076,1909f56bfc062723c751e8b465ee728b)
Start importing Assets/Prefabs/Track/BR_14 Variant.prefab using Guid(f95a9fcd543dbd44b829ae6b112e43a4) Importer(815301076,1909f56bfc062723c751e8b465ee728b)  -> (artifact id: '4e641109484d19351d12c490c7c6b6d4') in 0.519461 seconds 
  Import took 0.530519 seconds .

========================================================================
Received Import Request.
  Time since last request: 0.000637 seconds.
  path: Assets/Prefabs/Track/BR_02 Variant.prefab
  artifactKey: Guid(bef492c42ef33ec4aaa1fc3a61a90d34) Importer(815301076,1909f56bfc062723c751e8b465ee728b)
Start importing Assets/Prefabs/Track/BR_02 Variant.prefab using Guid(bef492c42ef33ec4aaa1fc3a61a90d34) Importer(815301076,1909f56bfc062723c751e8b465ee728b)  -> (artifact id: 'c8b861c77fa5e37d0001fd875229ea4e') in 0.275083 seconds 
  Import took 0.281865 seconds .

========================================================================
Received Import Request.
  Time since last request: 0.000492 seconds.
  path: Assets/Prefabs/Track/BR_04 Variant.prefab
  artifactKey: Guid(b9a91b432283aa04794035cd61a7bbcc) Importer(815301076,1909f56bfc062723c751e8b465ee728b)
Start importing Assets/Prefabs/Track/BR_04 Variant.prefab using Guid(b9a91b432283aa04794035cd61a7bbcc) Importer(815301076,1909f56bfc062723c751e8b465ee728b)  -> (artifact id: 'b59b60fde0a3385ea121a9bda30f93d7') in 0.596087 seconds 
  Import took 0.605002 seconds .

========================================================================
Received Import Request.
  Time since last request: 0.000417 seconds.
  path: Assets/Prefabs/Track/BR_06 Variant.prefab
  artifactKey: Guid(50e619b75c689434f8da202d78feba8e) Importer(815301076,1909f56bfc062723c751e8b465ee728b)
Start importing Assets/Prefabs/Track/BR_06 Variant.prefab using Guid(50e619b75c689434f8da202d78feba8e) Importer(815301076,1909f56bfc062723c751e8b465ee728b)  -> (artifact id: '89fa03414c5c60d3d88c03ad759c8c90') in 0.603742 seconds 
  Import took 0.611603 seconds .

========================================================================
Received Import Request.
  Time since last request: 0.000427 seconds.
  path: Assets/Prefabs/Track/BR_13 Variant.prefab
  artifactKey: Guid(933196b1ada0f5543a319a5e1d977aa5) Importer(815301076,1909f56bfc062723c751e8b465ee728b)
Start importing Assets/Prefabs/Track/BR_13 Variant.prefab using Guid(933196b1ada0f5543a319a5e1d977aa5) Importer(815301076,1909f56bfc062723c751e8b465ee728b)  -> (artifact id: '14945336e80fbdae7aa57464948d0c9d') in 0.379619 seconds 
  Import took 0.387140 seconds .

========================================================================
Received Import Request.
  Time since last request: 0.000381 seconds.
  path: Assets/Prefabs/Track/BR_08 Variant.prefab
  artifactKey: Guid(184bf070b3fbf48468d219f462cb2a21) Importer(815301076,1909f56bfc062723c751e8b465ee728b)
Start importing Assets/Prefabs/Track/BR_08 Variant.prefab using Guid(184bf070b3fbf48468d219f462cb2a21) Importer(815301076,1909f56bfc062723c751e8b465ee728b)  -> (artifact id: 'f785a3de43564db865b6f86371515086') in 0.299664 seconds 
  Import took 0.304820 seconds .

========================================================================
Received Import Request.
  Time since last request: 0.000400 seconds.
  path: Assets/Prefabs/Track/BR_09 Variant.prefab
  artifactKey: Guid(c1e70614065d8144d9c3e122d1b75f37) Importer(815301076,1909f56bfc062723c751e8b465ee728b)
Start importing Assets/Prefabs/Track/BR_09 Variant.prefab using Guid(c1e70614065d8144d9c3e122d1b75f37) Importer(815301076,1909f56bfc062723c751e8b465ee728b)  -> (artifact id: '3897eab1cc1799c8da69834f6b78078f') in 0.218835 seconds 
  Import took 0.224177 seconds .

========================================================================
Received Import Request.
  Time since last request: 0.000433 seconds.
  path: Assets/Prefabs/Track/BR_12 Variant.prefab
  artifactKey: Guid(8d0cd8de493db204499ceb84fa3748dc) Importer(815301076,1909f56bfc062723c751e8b465ee728b)
Start importing Assets/Prefabs/Track/BR_12 Variant.prefab using Guid(8d0cd8de493db204499ceb84fa3748dc) Importer(815301076,1909f56bfc062723c751e8b465ee728b)  -> (artifact id: '5ae5086908c36aecee3e2a9434ee12de') in 0.385378 seconds 
  Import took 0.392001 seconds .

========================================================================
Received Import Request.
  Time since last request: 0.000382 seconds.
  path: Assets/Prefabs/Track/BR_10 Variant.prefab
  artifactKey: Guid(ee0c9cb839dc2fa4fb3cf00ed4713c9e) Importer(815301076,1909f56bfc062723c751e8b465ee728b)
Start importing Assets/Prefabs/Track/BR_10 Variant.prefab using Guid(ee0c9cb839dc2fa4fb3cf00ed4713c9e) Importer(815301076,1909f56bfc062723c751e8b465ee728b)  -> (artifact id: '94befb4c4758b71cc6f86c31fd7d4111') in 0.221952 seconds 
  Import took 0.226760 seconds .

========================================================================
Received Import Request.
  Time since last request: 0.000349 seconds.
  path: Assets/Prefabs/Track/BR_07 Variant.prefab
  artifactKey: Guid(fcb1cd7fb6b9e784fa94ba3d09d9bd30) Importer(815301076,1909f56bfc062723c751e8b465ee728b)
Start importing Assets/Prefabs/Track/BR_07 Variant.prefab using Guid(fcb1cd7fb6b9e784fa94ba3d09d9bd30) Importer(815301076,1909f56bfc062723c751e8b465ee728b)  -> (artifact id: 'db23b6ae83cf318e09a9fe4638ce4ba9') in 0.179871 seconds 
  Import took 0.185022 seconds .

========================================================================
Received Import Request.
  Time since last request: 54.950377 seconds.
  path: Assets/Prefabs/Track/BR_09 Variant.prefab
  artifactKey: Guid(c1e70614065d8144d9c3e122d1b75f37) Importer(815301076,1909f56bfc062723c751e8b465ee728b)
Start importing Assets/Prefabs/Track/BR_09 Variant.prefab using Guid(c1e70614065d8144d9c3e122d1b75f37) Importer(815301076,1909f56bfc062723c751e8b465ee728b)  -> (artifact id: '0fca99edbcc0f411e966e75b90685c44') in 0.305098 seconds 
  Import took 0.310131 seconds .

========================================================================
Received Import Request.
  Time since last request: 5.405163 seconds.
  path: Assets/Prefabs/Track/BR_09 Variant.prefab
  artifactKey: Guid(c1e70614065d8144d9c3e122d1b75f37) Importer(815301076,1909f56bfc062723c751e8b465ee728b)
Start importing Assets/Prefabs/Track/BR_09 Variant.prefab using Guid(c1e70614065d8144d9c3e122d1b75f37) Importer(815301076,1909f56bfc062723c751e8b465ee728b)  -> (artifact id: 'f1ec635c55ad6673e8572fa9b174f042') in 0.192302 seconds 
  Import took 0.196794 seconds .

========================================================================
Received Import Request.
  Time since last request: 30.140131 seconds.
  path: Assets/Prefabs/Koin.prefab
  artifactKey: Guid(139e283cd438b8a4b8723fe2660fc15a) Importer(815301076,1909f56bfc062723c751e8b465ee728b)
Start importing Assets/Prefabs/Koin.prefab using Guid(139e283cd438b8a4b8723fe2660fc15a) Importer(815301076,1909f56bfc062723c751e8b465ee728b)  -> (artifact id: '6840e4230a59245f3935cc20b63ab48d') in 0.074210 seconds 
  Import took 0.080218 seconds .

========================================================================
Received Prepare
Registering precompiled user dll's ...
Registered in 0.006632 seconds.
Begin MonoManager ReloadAssembly
Native extension for WindowsStandalone target not found
Refreshing native plugins compatible for Editor in 0.51 ms, found 2 plugins.
Preloading 0 native plugins for Editor in 0.00 ms.
Mono: successfully reloaded assembly
- Completed reload, in  1.313 seconds
Domain Reload Profiling:
	ReloadAssembly (1313ms)
		BeginReloadAssembly (134ms)
			ExecutionOrderSort (0ms)
			DisableScriptedObjects (7ms)
			BackupInstance (0ms)
			ReleaseScriptingObjects (0ms)
			CreateAndSetChildDomain (42ms)
		EndReloadAssembly (1111ms)
			LoadAssemblies (104ms)
			RebuildTransferFunctionScriptingTraits (0ms)
			SetupTypeCache (293ms)
			ReleaseScriptCaches (1ms)
			RebuildScriptCaches (94ms)
			SetupLoadedEditorAssemblies (406ms)
				LogAssemblyErrors (0ms)
				InitializePlatformSupportModulesInManaged (9ms)
				SetLoadedEditorAssemblies (1ms)
				RefreshPlugins (1ms)
				BeforeProcessingInitializeOnLoad (86ms)
				ProcessInitializeOnLoadAttributes (298ms)
				ProcessInitializeOnLoadMethodAttributes (6ms)
				AfterProcessingInitializeOnLoad (6ms)
				EditorAssembliesLoaded (0ms)
			ExecutionOrderSort2 (0ms)
			AwakeInstancesAfterBackupRestoration (9ms)
Platform modules already initialized, skipping
Switching build target platform(19) subTarget(0) extendedPlatform(0) -> platform(13) subTarget(589824) extendedPlatform(0)
Refreshing native plugins compatible for Editor in 0.62 ms, found 2 plugins.
Preloading 0 native plugins for Editor in 0.00 ms.
Unloading 1420 Unused Serialized files (Serialized files now loaded: 0)
System memory in use before: 71.5 MB.
System memory in use after: 71.6 MB.

Unloading 11 unused Assets to reduce memory usage. Loaded Objects now: 1870.
Total: 9.135400 ms (FindLiveObjects: 0.421600 ms CreateObjectMapping: 0.190000 ms MarkObjects: 8.458800 ms  DeleteObjects: 0.061100 ms)

AssetImportParameters requested are different than current active one (requested -> active):
  custom:framework-win-MediaFoundation: 216162199b28c13a410421893ffa2e32 -> 
  custom:video-decoder-ogg-theora: a1e56fd34408186e4bbccfd4996cb3dc -> 
  custom:container-muxer-webm: aa71ff27fc2769a1b78a27578f13a17b -> 
  custom:container-demuxer-webm: 4f35f7cbe854078d1ac9338744f61a02 -> 
  custom:container-demuxer-ogg: 62fdf1f143b41e24485cea50d1cbac27 -> 
  custom:video-encoder-webm-vp8: eb34c28f22e8b96e1ab97ce403110664 -> 
  custom:video-decoder-webm-vp8: 9c59270c3fd7afecdb556c50c9e8de78 -> 
  custom:graphics/normal-map-encoding: 01000000000000000000000000000000 -> 02000000000000000000000000000000
  custom:audio-decoder-ogg-vorbis: bf7c407c2cedff20999df2af8eb42d56 -> 
  custom:audio-encoder-webm-vorbis: bf7c407c2cedff20999df2af8eb42d56 -> 
========================================================================
Received Import Request.
  Time since last request: 32.942954 seconds.
  path: Assets/Prefabs/Koin.prefab
  artifactKey: Guid(139e283cd438b8a4b8723fe2660fc15a) Importer(815301076,1909f56bfc062723c751e8b465ee728b)
Start importing Assets/Prefabs/Koin.prefab using Guid(139e283cd438b8a4b8723fe2660fc15a) Importer(815301076,1909f56bfc062723c751e8b465ee728b)  -> (artifact id: 'b7466144af8ccbe37cfbc1dc3bedf457') in 0.129054 seconds 
  Import took 0.133289 seconds .

========================================================================
Received Import Request.
  Time since last request: 7.774166 seconds.
  path: Assets/Prefabs/Koin.prefab
  artifactKey: Guid(139e283cd438b8a4b8723fe2660fc15a) Importer(815301076,1909f56bfc062723c751e8b465ee728b)
Start importing Assets/Prefabs/Koin.prefab using Guid(139e283cd438b8a4b8723fe2660fc15a) Importer(815301076,1909f56bfc062723c751e8b465ee728b)  -> (artifact id: 'f5877e91bc744619134f8ae467def413') in 0.059344 seconds 
  Import took 0.064970 seconds .

========================================================================
Received Prepare
Registering precompiled user dll's ...
Registered in 0.007447 seconds.
Begin MonoManager ReloadAssembly
Native extension for WindowsStandalone target not found
Refreshing native plugins compatible for Editor in 0.33 ms, found 2 plugins.
Preloading 0 native plugins for Editor in 0.00 ms.
Mono: successfully reloaded assembly
- Completed reload, in  1.469 seconds
Domain Reload Profiling:
	ReloadAssembly (1470ms)
		BeginReloadAssembly (212ms)
			ExecutionOrderSort (0ms)
			DisableScriptedObjects (4ms)
			BackupInstance (0ms)
			ReleaseScriptingObjects (0ms)
			CreateAndSetChildDomain (87ms)
		EndReloadAssembly (1188ms)
			LoadAssemblies (130ms)
			RebuildTransferFunctionScriptingTraits (0ms)
			SetupTypeCache (358ms)
			ReleaseScriptCaches (1ms)
			RebuildScriptCaches (102ms)
			SetupLoadedEditorAssemblies (463ms)
				LogAssemblyErrors (0ms)
				InitializePlatformSupportModulesInManaged (5ms)
				SetLoadedEditorAssemblies (0ms)
				RefreshPlugins (0ms)
				BeforeProcessingInitializeOnLoad (84ms)
				ProcessInitializeOnLoadAttributes (364ms)
				ProcessInitializeOnLoadMethodAttributes (5ms)
				AfterProcessingInitializeOnLoad (5ms)
				EditorAssembliesLoaded (0ms)
			ExecutionOrderSort2 (0ms)
			AwakeInstancesAfterBackupRestoration (7ms)
Platform modules already initialized, skipping
Switching build target platform(19) subTarget(0) extendedPlatform(0) -> platform(13) subTarget(589824) extendedPlatform(0)
Refreshing native plugins compatible for Editor in 0.88 ms, found 2 plugins.
Preloading 0 native plugins for Editor in 0.00 ms.
Unloading 1420 Unused Serialized files (Serialized files now loaded: 0)
System memory in use before: 71.5 MB.
System memory in use after: 71.6 MB.

Unloading 11 unused Assets to reduce memory usage. Loaded Objects now: 1873.
Total: 9.321000 ms (FindLiveObjects: 0.352400 ms CreateObjectMapping: 0.143500 ms MarkObjects: 8.756400 ms  DeleteObjects: 0.065700 ms)

AssetImportParameters requested are different than current active one (requested -> active):
  custom:framework-win-MediaFoundation: 216162199b28c13a410421893ffa2e32 -> 
  custom:video-decoder-ogg-theora: a1e56fd34408186e4bbccfd4996cb3dc -> 
  custom:container-muxer-webm: aa71ff27fc2769a1b78a27578f13a17b -> 
  custom:container-demuxer-webm: 4f35f7cbe854078d1ac9338744f61a02 -> 
  custom:container-demuxer-ogg: 62fdf1f143b41e24485cea50d1cbac27 -> 
  custom:video-encoder-webm-vp8: eb34c28f22e8b96e1ab97ce403110664 -> 
  custom:video-decoder-webm-vp8: 9c59270c3fd7afecdb556c50c9e8de78 -> 
  custom:graphics/normal-map-encoding: 01000000000000000000000000000000 -> 02000000000000000000000000000000
  custom:audio-decoder-ogg-vorbis: bf7c407c2cedff20999df2af8eb42d56 -> 
  custom:audio-encoder-webm-vorbis: bf7c407c2cedff20999df2af8eb42d56 -> 
========================================================================
Received Import Request.
  Time since last request: 48.593856 seconds.
  path: Assets/Prefabs/Koin.prefab
  artifactKey: Guid(139e283cd438b8a4b8723fe2660fc15a) Importer(815301076,1909f56bfc062723c751e8b465ee728b)
Start importing Assets/Prefabs/Koin.prefab using Guid(139e283cd438b8a4b8723fe2660fc15a) Importer(815301076,1909f56bfc062723c751e8b465ee728b)  -> (artifact id: '80277ffcb1d537d32cd0bba16fa78df5') in 0.154815 seconds 
  Import took 0.159890 seconds .

========================================================================
Received Import Request.
  Time since last request: 4.213743 seconds.
  path: Assets/Prefabs/Koin.prefab
  artifactKey: Guid(139e283cd438b8a4b8723fe2660fc15a) Importer(815301076,1909f56bfc062723c751e8b465ee728b)
Start importing Assets/Prefabs/Koin.prefab using Guid(139e283cd438b8a4b8723fe2660fc15a) Importer(815301076,1909f56bfc062723c751e8b465ee728b)  -> (artifact id: 'e5a358f64c5ddcc92646c079e6e724c7') in 0.086677 seconds 
  Import took 0.092939 seconds .

========================================================================
Received Import Request.
  Time since last request: 3.271131 seconds.
  path: Assets/Prefabs/Koin.prefab
  artifactKey: Guid(139e283cd438b8a4b8723fe2660fc15a) Importer(815301076,1909f56bfc062723c751e8b465ee728b)
Start importing Assets/Prefabs/Koin.prefab using Guid(139e283cd438b8a4b8723fe2660fc15a) Importer(815301076,1909f56bfc062723c751e8b465ee728b)  -> (artifact id: '140e0548303d6debb2984985c3efef9f') in 0.106320 seconds 
  Import took 0.113400 seconds .

========================================================================
Received Import Request.
  Time since last request: 2.677313 seconds.
  path: Assets/Prefabs/Koin.prefab
  artifactKey: Guid(139e283cd438b8a4b8723fe2660fc15a) Importer(815301076,1909f56bfc062723c751e8b465ee728b)
Start importing Assets/Prefabs/Koin.prefab using Guid(139e283cd438b8a4b8723fe2660fc15a) Importer(815301076,1909f56bfc062723c751e8b465ee728b)  -> (artifact id: '6ec799da1e8a50c73c13310b01e8d7fc') in 0.126287 seconds 
  Import took 0.134286 seconds .

========================================================================
Received Import Request.
  Time since last request: 147.966757 seconds.
  path: Assets/Scenes/backup Play.unity
  artifactKey: Guid(aef74568c4dc4ea40bb42afdfc6c3891) Importer(815301076,1909f56bfc062723c751e8b465ee728b)
Start importing Assets/Scenes/backup Play.unity using Guid(aef74568c4dc4ea40bb42afdfc6c3891) Importer(815301076,1909f56bfc062723c751e8b465ee728b)  -> (artifact id: '0f70f8a452548e5820513ee3f04e151c') in 0.015450 seconds 
  Import took 0.019295 seconds .

========================================================================
Received Import Request.
  Time since last request: 45.195182 seconds.
  path: Assets/Scenes/Play.unity
  artifactKey: Guid(9fc0d4010bbf28b4594072e72b8655ab) Importer(815301076,1909f56bfc062723c751e8b465ee728b)
Start importing Assets/Scenes/Play.unity using Guid(9fc0d4010bbf28b4594072e72b8655ab) Importer(815301076,1909f56bfc062723c751e8b465ee728b)  -> (artifact id: '9310c02d860fea65e86e79ebd60cf6ba') in 0.012908 seconds 
  Import took 0.016378 seconds .

========================================================================
Received Prepare
Registering precompiled user dll's ...
Registered in 0.011016 seconds.
Begin MonoManager ReloadAssembly
Native extension for WindowsStandalone target not found
Refreshing native plugins compatible for Editor in 0.52 ms, found 2 plugins.
Preloading 0 native plugins for Editor in 0.00 ms.
Mono: successfully reloaded assembly
- Completed reload, in  2.725 seconds
Domain Reload Profiling:
	ReloadAssembly (2726ms)
		BeginReloadAssembly (287ms)
			ExecutionOrderSort (0ms)
			DisableScriptedObjects (13ms)
			BackupInstance (0ms)
			ReleaseScriptingObjects (0ms)
			CreateAndSetChildDomain (86ms)
		EndReloadAssembly (2255ms)
			LoadAssemblies (261ms)
			RebuildTransferFunctionScriptingTraits (0ms)
			SetupTypeCache (734ms)
			ReleaseScriptCaches (1ms)
			RebuildScriptCaches (76ms)
			SetupLoadedEditorAssemblies (765ms)
				LogAssemblyErrors (0ms)
				InitializePlatformSupportModulesInManaged (9ms)
				SetLoadedEditorAssemblies (1ms)
				RefreshPlugins (1ms)
				BeforeProcessingInitializeOnLoad (232ms)
				ProcessInitializeOnLoadAttributes (507ms)
				ProcessInitializeOnLoadMethodAttributes (8ms)
				AfterProcessingInitializeOnLoad (7ms)
				EditorAssembliesLoaded (0ms)
			ExecutionOrderSort2 (0ms)
			AwakeInstancesAfterBackupRestoration (12ms)
Platform modules already initialized, skipping
Switching build target platform(19) subTarget(0) extendedPlatform(0) -> platform(13) subTarget(589824) extendedPlatform(0)
Refreshing native plugins compatible for Editor in 0.57 ms, found 2 plugins.
Preloading 0 native plugins for Editor in 0.00 ms.
Unloading 1420 Unused Serialized files (Serialized files now loaded: 0)
System memory in use before: 71.6 MB.
System memory in use after: 71.7 MB.

Unloading 11 unused Assets to reduce memory usage. Loaded Objects now: 1876.
Total: 6.774500 ms (FindLiveObjects: 0.368900 ms CreateObjectMapping: 0.148500 ms MarkObjects: 6.210300 ms  DeleteObjects: 0.043600 ms)

AssetImportParameters requested are different than current active one (requested -> active):
  custom:framework-win-MediaFoundation: 216162199b28c13a410421893ffa2e32 -> 
  custom:video-decoder-ogg-theora: a1e56fd34408186e4bbccfd4996cb3dc -> 
  custom:container-muxer-webm: aa71ff27fc2769a1b78a27578f13a17b -> 
  custom:container-demuxer-webm: 4f35f7cbe854078d1ac9338744f61a02 -> 
  custom:container-demuxer-ogg: 62fdf1f143b41e24485cea50d1cbac27 -> 
  custom:video-encoder-webm-vp8: eb34c28f22e8b96e1ab97ce403110664 -> 
  custom:video-decoder-webm-vp8: 9c59270c3fd7afecdb556c50c9e8de78 -> 
  custom:graphics/normal-map-encoding: 01000000000000000000000000000000 -> 02000000000000000000000000000000
  custom:audio-decoder-ogg-vorbis: bf7c407c2cedff20999df2af8eb42d56 -> 
  custom:audio-encoder-webm-vorbis: bf7c407c2cedff20999df2af8eb42d56 -> 
========================================================================
Received Import Request.
  Time since last request: 155.513960 seconds.
  path: Assets/Scripts/Obstacle
  artifactKey: Guid(b24e2467931e21d43869733e0cad1195) Importer(815301076,1909f56bfc062723c751e8b465ee728b)
Start importing Assets/Scripts/Obstacle using Guid(b24e2467931e21d43869733e0cad1195) Importer(815301076,1909f56bfc062723c751e8b465ee728b)  -> (artifact id: 'af3a3dfabfea1efc33dd1424910d0d57') in 0.016522 seconds 
  Import took 0.020180 seconds .

========================================================================
Received Import Request.
  Time since last request: 146.839069 seconds.
  path: Assets/Prefabs/Track/BR_01 Variant.prefab
  artifactKey: Guid(d8fcd0ace7917004cb83f1ee5fad6bad) Importer(815301076,1909f56bfc062723c751e8b465ee728b)
Start importing Assets/Prefabs/Track/BR_01 Variant.prefab using Guid(d8fcd0ace7917004cb83f1ee5fad6bad) Importer(815301076,1909f56bfc062723c751e8b465ee728b)  -> (artifact id: '78a911e32840e222ce606398be5c7374') in 0.284515 seconds 
  Import took 0.288659 seconds .

========================================================================
Received Import Request.
  Time since last request: 0.000258 seconds.
  path: Assets/Prefabs/Track/BR_03 Variant.prefab
  artifactKey: Guid(257dfee653e9f0c4b9d6578fbdd13f8e) Importer(815301076,1909f56bfc062723c751e8b465ee728b)
Start importing Assets/Prefabs/Track/BR_03 Variant.prefab using Guid(257dfee653e9f0c4b9d6578fbdd13f8e) Importer(815301076,1909f56bfc062723c751e8b465ee728b)  -> (artifact id: '9320c3db1cfc589022f446ce6bcf3fb7') in 0.429019 seconds 
  Import took 0.433755 seconds .

========================================================================
Received Import Request.
  Time since last request: 0.000395 seconds.
  path: Assets/Prefabs/Track/BR_11 Variant.prefab
  artifactKey: Guid(d74ae33cca8acbd43b867023c29d70e0) Importer(815301076,1909f56bfc062723c751e8b465ee728b)
Start importing Assets/Prefabs/Track/BR_11 Variant.prefab using Guid(d74ae33cca8acbd43b867023c29d70e0) Importer(815301076,1909f56bfc062723c751e8b465ee728b)  -> (artifact id: 'b482a02691f4507cdbbd79df0f3b611b') in 0.508640 seconds 
  Import took 0.515559 seconds .

========================================================================
Received Import Request.
  Time since last request: 0.000376 seconds.
  path: Assets/Prefabs/Track/BR_05 Variant.prefab
  artifactKey: Guid(96a6730e48a2c40478677044dac1b01b) Importer(815301076,1909f56bfc062723c751e8b465ee728b)
Start importing Assets/Prefabs/Track/BR_05 Variant.prefab using Guid(96a6730e48a2c40478677044dac1b01b) Importer(815301076,1909f56bfc062723c751e8b465ee728b)  -> (artifact id: 'cd9129b679207e7debee2bc541904a13') in 0.208352 seconds 
  Import took 0.214088 seconds .

========================================================================
Received Import Request.
  Time since last request: 0.000269 seconds.
  path: Assets/Prefabs/Track/BR_14 Variant.prefab
  artifactKey: Guid(f95a9fcd543dbd44b829ae6b112e43a4) Importer(815301076,1909f56bfc062723c751e8b465ee728b)
Start importing Assets/Prefabs/Track/BR_14 Variant.prefab using Guid(f95a9fcd543dbd44b829ae6b112e43a4) Importer(815301076,1909f56bfc062723c751e8b465ee728b)  -> (artifact id: 'ddd6e7a742892bba33f75abf62ef54fc') in 0.292205 seconds 
  Import took 0.303359 seconds .

========================================================================
Received Import Request.
  Time since last request: 0.000708 seconds.
  path: Assets/Prefabs/Track/BR_02 Variant.prefab
  artifactKey: Guid(bef492c42ef33ec4aaa1fc3a61a90d34) Importer(815301076,1909f56bfc062723c751e8b465ee728b)
Start importing Assets/Prefabs/Track/BR_02 Variant.prefab using Guid(bef492c42ef33ec4aaa1fc3a61a90d34) Importer(815301076,1909f56bfc062723c751e8b465ee728b)  -> (artifact id: '861a9bb33894ba8d64bc5c405118a195') in 0.422835 seconds 
  Import took 0.433045 seconds .

========================================================================
Received Import Request.
  Time since last request: 0.000719 seconds.
  path: Assets/Prefabs/Track/BR_04 Variant.prefab
  artifactKey: Guid(b9a91b432283aa04794035cd61a7bbcc) Importer(815301076,1909f56bfc062723c751e8b465ee728b)
Start importing Assets/Prefabs/Track/BR_04 Variant.prefab using Guid(b9a91b432283aa04794035cd61a7bbcc) Importer(815301076,1909f56bfc062723c751e8b465ee728b)  -> (artifact id: '4eabcf09e07418e0eb62fe1f0bcce58e') in 0.405146 seconds 
  Import took 0.419383 seconds .

========================================================================
Received Import Request.
  Time since last request: 0.000655 seconds.
  path: Assets/Prefabs/Track/BR_06 Variant.prefab
  artifactKey: Guid(50e619b75c689434f8da202d78feba8e) Importer(815301076,1909f56bfc062723c751e8b465ee728b)
Start importing Assets/Prefabs/Track/BR_06 Variant.prefab using Guid(50e619b75c689434f8da202d78feba8e) Importer(815301076,1909f56bfc062723c751e8b465ee728b)  -> (artifact id: 'e757e08e7eb217256adeae58a1d4238c') in 0.463135 seconds 
  Import took 0.471824 seconds .

========================================================================
Received Import Request.
  Time since last request: 0.000380 seconds.
  path: Assets/Prefabs/Track/BR_13 Variant.prefab
  artifactKey: Guid(933196b1ada0f5543a319a5e1d977aa5) Importer(815301076,1909f56bfc062723c751e8b465ee728b)
Start importing Assets/Prefabs/Track/BR_13 Variant.prefab using Guid(933196b1ada0f5543a319a5e1d977aa5) Importer(815301076,1909f56bfc062723c751e8b465ee728b)  -> (artifact id: '2842e0fbc503caf207bfa5a3136326f4') in 0.220676 seconds 
  Import took 0.233485 seconds .

========================================================================
Received Import Request.
  Time since last request: 0.000686 seconds.
  path: Assets/Prefabs/Track/BR_08 Variant.prefab
  artifactKey: Guid(184bf070b3fbf48468d219f462cb2a21) Importer(815301076,1909f56bfc062723c751e8b465ee728b)
Start importing Assets/Prefabs/Track/BR_08 Variant.prefab using Guid(184bf070b3fbf48468d219f462cb2a21) Importer(815301076,1909f56bfc062723c751e8b465ee728b)  -> (artifact id: '75f634c340c0eab21db5748f86aa8a44') in 0.255825 seconds 
  Import took 0.262135 seconds .

========================================================================
Received Import Request.
  Time since last request: 0.000386 seconds.
  path: Assets/Prefabs/Track/BR_09 Variant.prefab
  artifactKey: Guid(c1e70614065d8144d9c3e122d1b75f37) Importer(815301076,1909f56bfc062723c751e8b465ee728b)
Start importing Assets/Prefabs/Track/BR_09 Variant.prefab using Guid(c1e70614065d8144d9c3e122d1b75f37) Importer(815301076,1909f56bfc062723c751e8b465ee728b)  -> (artifact id: '0086131678be1b10d5e3fc0384fe9458') in 0.162752 seconds 
  Import took 0.167514 seconds .

========================================================================
Received Import Request.
  Time since last request: 0.000411 seconds.
  path: Assets/Prefabs/Track/BR_12 Variant.prefab
  artifactKey: Guid(8d0cd8de493db204499ceb84fa3748dc) Importer(815301076,1909f56bfc062723c751e8b465ee728b)
Start importing Assets/Prefabs/Track/BR_12 Variant.prefab using Guid(8d0cd8de493db204499ceb84fa3748dc) Importer(815301076,1909f56bfc062723c751e8b465ee728b)  -> (artifact id: '463e156306b46a650696c23b4f635d14') in 0.220100 seconds 
  Import took 0.225254 seconds .

========================================================================
Received Import Request.
  Time since last request: 0.000369 seconds.
  path: Assets/Prefabs/Track/BR_10 Variant.prefab
  artifactKey: Guid(ee0c9cb839dc2fa4fb3cf00ed4713c9e) Importer(815301076,1909f56bfc062723c751e8b465ee728b)
Start importing Assets/Prefabs/Track/BR_10 Variant.prefab using Guid(ee0c9cb839dc2fa4fb3cf00ed4713c9e) Importer(815301076,1909f56bfc062723c751e8b465ee728b)  -> (artifact id: 'b3611d7680251d9584fc5af9b7963775') in 0.305631 seconds 
  Import took 0.309977 seconds .

========================================================================
Received Import Request.
  Time since last request: 0.000311 seconds.
  path: Assets/Prefabs/Track/BR_07 Variant.prefab
  artifactKey: Guid(fcb1cd7fb6b9e784fa94ba3d09d9bd30) Importer(815301076,1909f56bfc062723c751e8b465ee728b)
Start importing Assets/Prefabs/Track/BR_07 Variant.prefab using Guid(fcb1cd7fb6b9e784fa94ba3d09d9bd30) Importer(815301076,1909f56bfc062723c751e8b465ee728b)  -> (artifact id: 'e4ff8362140fef9c29d7e294f6853b8f') in 0.211401 seconds 
  Import took 0.215685 seconds .

AssetImportWorkerClient::OnTransportError - code=2 error=End of file
